0 info it worked if it ends with ok
1 verbose cli [ 'node', '/usr/local/bin/npm', 'publish', '--force' ]
2 info using npm@2.12.1
3 info using node@v0.12.7
4 verbose node symlink /usr/local/bin/node
5 warn using --force I sure hope you know what you are doing.
6 verbose publish [ '.' ]
7 silly cache add args [ '.', null ]
8 verbose cache add spec .
9 silly cache add parsed spec { raw: '.',
9 silly cache add   scope: null,
9 silly cache add   name: null,
9 silly cache add   rawSpec: '.',
9 silly cache add   spec: '/Users/danielllach/Documents/otros/watch-version',
9 silly cache add   type: 'directory' }
10 verbose addLocalDirectory /Users/danielllach/.npm/watch-version/1.1.12/package.tgz not in flight; packing
11 verbose tar pack [ '/Users/danielllach/.npm/watch-version/1.1.12/package.tgz',
11 verbose tar pack   '/Users/danielllach/Documents/otros/watch-version' ]
12 verbose tarball /Users/danielllach/.npm/watch-version/1.1.12/package.tgz
13 verbose folder /Users/danielllach/Documents/otros/watch-version
14 info prepublish watch-version@1.1.12
15 verbose addLocalTarball adding from inside cache /Users/danielllach/.npm/watch-version/1.1.12/package.tgz
16 silly cache afterAdd watch-version@1.1.12
17 verbose afterAdd /Users/danielllach/.npm/watch-version/1.1.12/package/package.json not in flight; writing
18 verbose afterAdd /Users/danielllach/.npm/watch-version/1.1.12/package/package.json written
19 silly publish { name: 'watch-version',
19 silly publish   version: '1.1.12',
19 silly publish   description: 'An update package version fire with git tag command',
19 silly publish   repository:
19 silly publish    { type: 'git',
19 silly publish      url: 'git+https://github.com/daniel-llach/watch-version.git' },
19 silly publish   main: 'index.js',
19 silly publish   scripts: { test: 'echo "Error: no test specified" && exit 1' },
19 silly publish   keywords: [ 'watch', 'version', 'github', 'tag' ],
19 silly publish   author: { name: 'Daniel LLach', email: 'daniel.llach@gmail.com' },
19 silly publish   license: 'MIT',
19 silly publish   dependencies: { colors: '^1.1.2', fs: '0.0.2', 'fs-extra': '^0.26.0' },
19 silly publish   preferGlobal: true,
19 silly publish   bin: { 'watch-version': 'index.js' },
19 silly publish   readmeFilename: 'README.md',
19 silly publish   readme: '# watch-version\n\n### What is it for?\nThis module can automatically update the version of your node app ( or API) when enter a new tag on github by **console**\n\n\n### Install\n```\n  sudo npm install -g watch-version\n```\n\n### Use\n1.- Standing in the path thats contains the **.git** folder and your **package.json** file and change its permissions:\n```\n  sudo chmod 777 package.json\n```\n\n2.- Run whatch-version:\n```\n  whatch-version\n```\n\n3.- In another tab add a github tag conventionally, as explained in github documentation\n(https://git-scm.com/book/en/v2/Git-Basics-Tagging#Annotated-Tags):\n\n```\n  git tag -a v2.0.0 -m "new release"\n```\n\n4.- See your package.json and check your version  :smile_cat:\n\nNow just rocks!\n\n\n# Good practices: versioning\n\nI decided to include a short text about the versioning.\n\nFirst of all , I must say that there are several classifications of versioning.\n\nThe nomenclature used in NPM versioning is called semantic versioning, the following image shows what they work:\n\n![alt tag](https://raw.githubusercontent.com/daniel-llach/watch-version/master/img/versioning.jpg)\n\nAs you can see, the last digit increases when you make backwards-compatible bug fixes, the middle digit increase when you add functionality in a backwards-compatible manner and the first digit increase when you make incompatible API changes.\n\n### criteria\n\nThis is fine, but how to define a criteria when one of the digits must increase. In other words, when I release a new version?\n\nThe answer that we define with my team is as follows:\n\nWhen we develop news improves we work in a separate branch of production (for example:testing), in this branch we do a lots of commits. And only when we merge this with the master branch and upload to production we make a versioning that involve one of the 2 first version digit.\n\nThen when bugs appear in production, we fixit in another branch and when we merge with master and up to production again there we do a version update to the last digit, so we prevent an excessive increase of numbers ( like 2.89.104 ).\n\nThis is our criteria to generate more controlled release with a more interesting documentation (change log).\n\nOf course it is not a rule for all, but it is important to consider a methodology of work with respect to the objectives of the company and versioning system\n',
19 silly publish   gitHead: 'ec465335f9d07e8fc1c59704537cadd1b6ce0778',
19 silly publish   bugs: { url: 'https://github.com/daniel-llach/watch-version/issues' },
19 silly publish   homepage: 'https://github.com/daniel-llach/watch-version#readme',
19 silly publish   _id: 'watch-version@1.1.12',
19 silly publish   _shasum: '6f1a6b0891e5102fd5175cdd683a8e8314e411f1',
19 silly publish   _from: '.' }
20 verbose getPublishConfig undefined
21 silly mapToRegistry name watch-version
22 silly mapToRegistry using default registry
23 silly mapToRegistry registry https://registry.npmjs.org/
24 silly mapToRegistry uri https://registry.npmjs.org/watch-version
25 verbose publish registryBase https://registry.npmjs.org/
26 silly publish uploading /Users/danielllach/.npm/watch-version/1.1.12/package.tgz
27 verbose request uri https://registry.npmjs.org/watch-version
28 verbose request sending authorization for write operation
29 info attempt registry request try #1 at 13:06:06
30 verbose request using bearer token for auth
31 verbose request id 50a5412cc1909988
32 http request PUT https://registry.npmjs.org/watch-version
33 http 403 https://registry.npmjs.org/watch-version
34 verbose headers { 'content-type': 'application/json',
34 verbose headers   'cache-control': 'max-age=60',
34 verbose headers   'content-length': '96',
34 verbose headers   'accept-ranges': 'bytes',
34 verbose headers   date: 'Thu, 12 Nov 2015 16:06:08 GMT',
34 verbose headers   via: '1.1 varnish',
34 verbose headers   connection: 'keep-alive',
34 verbose headers   'x-served-by': 'cache-iad2120-IAD',
34 verbose headers   'x-cache': 'MISS',
34 verbose headers   'x-cache-hits': '0',
34 verbose headers   'x-timer': 'S1447344366.973061,VS0,VE1827' }
35 verbose request invalidating /Users/danielllach/.npm/registry.npmjs.org/watch-version on PUT
36 error publish Failed PUT 403
37 verbose stack Error: "You cannot publish over the previously published version 1.1.12." : watch-version
37 verbose stack     at CachingRegistryClient.<anonymous> (/usr/local/lib/node_modules/npm/node_modules/npm-registry-client/lib/request.js:247:14)
37 verbose stack     at Request._callback (/usr/local/lib/node_modules/npm/node_modules/npm-registry-client/lib/request.js:170:14)
37 verbose stack     at Request.self.callback (/usr/local/lib/node_modules/npm/node_modules/request/request.js:197:22)
37 verbose stack     at Request.emit (events.js:110:17)
37 verbose stack     at Request.<anonymous> (/usr/local/lib/node_modules/npm/node_modules/request/request.js:1050:14)
37 verbose stack     at Request.emit (events.js:129:20)
37 verbose stack     at IncomingMessage.<anonymous> (/usr/local/lib/node_modules/npm/node_modules/request/request.js:996:12)
37 verbose stack     at IncomingMessage.emit (events.js:129:20)
37 verbose stack     at _stream_readable.js:908:16
37 verbose stack     at process._tickCallback (node.js:355:11)
38 verbose statusCode 403
39 verbose pkgid watch-version
40 verbose cwd /Users/danielllach/Documents/otros/watch-version
41 error Darwin 15.0.0
42 error argv "node" "/usr/local/bin/npm" "publish" "--force"
43 error node v0.12.7
44 error npm  v2.12.1
45 error code E403
46 error "You cannot publish over the previously published version 1.1.12." : watch-version
47 error If you need help, you may report this error at:
47 error     <https://github.com/npm/npm/issues>
48 verbose exit [ 1, true ]
